[ 2014-12-21T12:16:30+08:00 ] 127.0.0.1 /favorite/
INFO: [ app_begin ] --START--
INFO: ReadHtmlCache Behavior ::run [ RunTime:0.001953s ]
INFO: [ app_begin ] --END-- [ RunTime:0.003907s ]
INFO: [ view_parse ] --START--
NOTIC: [2] Missing argument 2 for TagLib::parseXmlAttr(), called in D:\SourceCode\www\favorite\APP\Modules\Index\TagLib\TagLibFw.class.php on line 17 and defined D:\SourceCode\www\favorite\ThinkPHP\Lib\Template\TagLib.class.php 第 80 行.
NOTIC: [8] Undefined variable: tag D:\SourceCode\www\favorite\ThinkPHP\Lib\Template\TagLib.class.php 第 91 行.
NOTIC: [8] Undefined index:  D:\SourceCode\www\favorite\ThinkPHP\Lib\Template\TagLib.class.php 第 91 行.
NOTIC: [8] Undefined variable: tag D:\SourceCode\www\favorite\ThinkPHP\Lib\Template\TagLib.class.php 第 92 行.
NOTIC: [8] Undefined variable: name D:\SourceCode\www\favorite\APP\Runtime\Cache\Index\dff44c8e9ebea4949049842757e96f1a.php 第 50 行.
SQL: SHOW COLUMNS FROM `fw_cate` [ RunTime:0.137695s ]
SQL: SELECT * FROM `fw_cate` ORDER BY sort  [ RunTime:0.000977s ]
INFO: ParseTemplate Behavior ::run [ RunTime:0.496094s ]
INFO: [ view_parse ] --END-- [ RunTime:0.496094s ]
INFO: [ view_filter ] --START--
INFO: ContentReplace Behavior ::run [ RunTime:0.010743s ]
INFO: TokenBuild Behavior ::run [ RunTime:0.001953s ]
INFO: WriteHtmlCache Behavior ::run [ RunTime:0.000000s ]
INFO: ShowRuntime Behavior ::run [ RunTime:0.000976s ]
INFO: [ view_filter ] --END-- [ RunTime:0.041016s ]
INFO: [ view_end ] --START--
INFO: ShowPageTrace Behavior ::run [ RunTime:0.000976s ]
INFO: [ view_end ] --END-- [ RunTime:0.000976s ]

[ 2014-12-21T12:16:37+08:00 ] 127.0.0.1 /favorite/Index/Index/handle/id/4
INFO: [ route_check ] --START--
INFO: CheckRoute Behavior ::run [ RunTime:0.024414s ]
INFO: [ route_check ] --END-- [ RunTime:0.024414s ]
INFO: [ app_begin ] --START--
INFO: ReadHtmlCache Behavior ::run [ RunTime:0.000000s ]
INFO: [ app_begin ] --END-- [ RunTime:0.000000s ]
SQL: SHOW COLUMNS FROM `fw_cate` [ RunTime:0.006836s ]
SQL: SELECT * FROM `fw_cate` WHERE ( `pid` = 4 )  [ RunTime:0.077148s ]

[ 2014-12-21T12:16:40+08:00 ] 127.0.0.1 /favorite/Index/About/index
INFO: [ route_check ] --START--
INFO: CheckRoute Behavior ::run [ RunTime:0.000977s ]
INFO: [ route_check ] --END-- [ RunTime:0.000977s ]
INFO: [ app_begin ] --START--
INFO: ReadHtmlCache Behavior ::run [ RunTime:0.000976s ]
INFO: [ app_begin ] --END-- [ RunTime:0.000976s ]

[ 2014-12-21T12:16:40+08:00 ] 127.0.0.1 /favorite/Index/Login/index
INFO: [ route_check ] --START--
INFO: CheckRoute Behavior ::run [ RunTime:0.000976s ]
INFO: [ route_check ] --END-- [ RunTime:0.000976s ]
INFO: [ app_begin ] --START--
INFO: ReadHtmlCache Behavior ::run [ RunTime:0.000000s ]
INFO: [ app_begin ] --END-- [ RunTime:0.000000s ]
INFO: [ view_parse ] --START--
NOTIC: [8] Undefined variable: name D:\SourceCode\www\favorite\APP\Runtime\Cache\Index\ee3125f6e6d33d82d0c6450cddc3244e.php 第 50 行.
INFO: ParseTemplate Behavior ::run [ RunTime:0.164063s ]
INFO: [ view_parse ] --END-- [ RunTime:0.164063s ]
INFO: [ view_filter ] --START--
INFO: ContentReplace Behavior ::run [ RunTime:0.000976s ]
INFO: TokenBuild Behavior ::run [ RunTime:0.000000s ]
INFO: WriteHtmlCache Behavior ::run [ RunTime:0.000977s ]
INFO: ShowRuntime Behavior ::run [ RunTime:0.000976s ]
INFO: [ view_filter ] --END-- [ RunTime:0.002929s ]
INFO: [ view_end ] --START--
INFO: ShowPageTrace Behavior ::run [ RunTime:0.000977s ]
INFO: [ view_end ] --END-- [ RunTime:0.000977s ]

[ 2014-12-21T12:16:41+08:00 ] 127.0.0.1 /favorite/Index/Reg/verify
INFO: [ route_check ] --START--
INFO: CheckRoute Behavior ::run [ RunTime:0.000976s ]
INFO: [ route_check ] --END-- [ RunTime:0.000976s ]
INFO: [ app_begin ] --START--
INFO: ReadHtmlCache Behavior ::run [ RunTime:0.000000s ]
INFO: [ app_begin ] --END-- [ RunTime:0.000000s ]

[ 2014-12-21T12:16:45+08:00 ] 127.0.0.1 /favorite/Index/Index/index
INFO: [ route_check ] --START--
INFO: CheckRoute Behavior ::run [ RunTime:0.000977s ]
INFO: [ route_check ] --END-- [ RunTime:0.000977s ]
INFO: [ app_begin ] --START--
INFO: ReadHtmlCache Behavior ::run [ RunTime:0.000000s ]
INFO: [ app_begin ] --END-- [ RunTime:0.000000s ]
INFO: [ view_parse ] --START--
NOTIC: [2] Missing argument 2 for TagLib::parseXmlAttr(), called in D:\SourceCode\www\favorite\APP\Modules\Index\TagLib\TagLibFw.class.php on line 17 and defined D:\SourceCode\www\favorite\ThinkPHP\Lib\Template\TagLib.class.php 第 80 行.
NOTIC: [8] Undefined variable: tag D:\SourceCode\www\favorite\ThinkPHP\Lib\Template\TagLib.class.php 第 91 行.
NOTIC: [8] Undefined index:  D:\SourceCode\www\favorite\ThinkPHP\Lib\Template\TagLib.class.php 第 91 行.
NOTIC: [8] Undefined variable: tag D:\SourceCode\www\favorite\ThinkPHP\Lib\Template\TagLib.class.php 第 92 行.
NOTIC: [8] Undefined variable: name D:\SourceCode\www\favorite\APP\Runtime\Cache\Index\dff44c8e9ebea4949049842757e96f1a.php 第 50 行.
SQL: SHOW COLUMNS FROM `fw_cate` [ RunTime:0.006836s ]
SQL: SELECT * FROM `fw_cate` ORDER BY sort  [ RunTime:0.000000s ]
INFO: ParseTemplate Behavior ::run [ RunTime:0.041015s ]
INFO: [ view_parse ] --END-- [ RunTime:0.041015s ]
INFO: [ view_filter ] --START--
INFO: ContentReplace Behavior ::run [ RunTime:0.000000s ]
INFO: TokenBuild Behavior ::run [ RunTime:0.000977s ]
INFO: WriteHtmlCache Behavior ::run [ RunTime:0.000000s ]
INFO: ShowRuntime Behavior ::run [ RunTime:0.000976s ]
INFO: [ view_filter ] --END-- [ RunTime:0.001953s ]
INFO: [ view_end ] --START--
INFO: ShowPageTrace Behavior ::run [ RunTime:0.000977s ]
INFO: [ view_end ] --END-- [ RunTime:0.000977s ]

[ 2014-12-21T12:17:04+08:00 ] 127.0.0.1 /favorite/Index/Index/search
INFO: [ route_check ] --START--
INFO: CheckRoute Behavior ::run [ RunTime:0.001953s ]
INFO: [ route_check ] --END-- [ RunTime:0.001953s ]
INFO: [ app_begin ] --START--
INFO: ReadHtmlCache Behavior ::run [ RunTime:0.000977s ]
INFO: [ app_begin ] --END-- [ RunTime:0.000977s ]
NOTIC: [8] Memcache::connect():  D:\SourceCode\www\favorite\ThinkPHP\Extend\Driver\Cache\CacheMemcache.class.php 第 46 行.
NOTIC: [2] Memcache::connect():  D:\SourceCode\www\favorite\ThinkPHP\Extend\Driver\Cache\CacheMemcache.class.php 第 46 行.
NOTIC: [2] Memcache::get(): No servers added to memcache connection D:\SourceCode\www\favorite\ThinkPHP\Extend\Driver\Cache\CacheMemcache.class.php 第 58 行.
SQL: SHOW COLUMNS FROM `fw_webinfo` [ RunTime:0.368164s ]
SQL: SELECT `title` FROM `fw_webinfo`  [ RunTime:0.000000s ]
NOTIC: [2] Memcache::set(): No servers added to memcache connection D:\SourceCode\www\favorite\ThinkPHP\Extend\Driver\Cache\CacheMemcache.class.php 第 75 行.

[ 2014-12-21T12:17:05+08:00 ] 127.0.0.1 /favorite/Index/Login/index
INFO: [ route_check ] --START--
INFO: CheckRoute Behavior ::run [ RunTime:0.000976s ]
INFO: [ route_check ] --END-- [ RunTime:0.000976s ]
INFO: [ app_begin ] --START--
INFO: ReadHtmlCache Behavior ::run [ RunTime:0.000976s ]
INFO: [ app_begin ] --END-- [ RunTime:0.000976s ]
INFO: [ view_parse ] --START--
NOTIC: [8] Undefined variable: name D:\SourceCode\www\favorite\APP\Runtime\Cache\Index\ee3125f6e6d33d82d0c6450cddc3244e.php 第 50 行.
INFO: ParseTemplate Behavior ::run [ RunTime:0.013672s ]
INFO: [ view_parse ] --END-- [ RunTime:0.013672s ]
INFO: [ view_filter ] --START--
INFO: ContentReplace Behavior ::run [ RunTime:0.000976s ]
INFO: TokenBuild Behavior ::run [ RunTime:0.000000s ]
INFO: WriteHtmlCache Behavior ::run [ RunTime:0.000977s ]
INFO: ShowRuntime Behavior ::run [ RunTime:0.000000s ]
INFO: [ view_filter ] --END-- [ RunTime:0.001953s ]
INFO: [ view_end ] --START--
INFO: ShowPageTrace Behavior ::run [ RunTime:0.000976s ]
INFO: [ view_end ] --END-- [ RunTime:0.000976s ]

[ 2014-12-21T12:17:05+08:00 ] 127.0.0.1 /favorite/Index/Reg/verify
INFO: [ route_check ] --START--
INFO: CheckRoute Behavior ::run [ RunTime:0.000976s ]
INFO: [ route_check ] --END-- [ RunTime:0.000976s ]
INFO: [ app_begin ] --START--
INFO: ReadHtmlCache Behavior ::run [ RunTime:0.000977s ]
INFO: [ app_begin ] --END-- [ RunTime:0.000977s ]

[ 2014-12-21T12:17:16+08:00 ] 127.0.0.1 /favorite/Index/Login/login
INFO: [ route_check ] --START--
INFO: CheckRoute Behavior ::run [ RunTime:0.000977s ]
INFO: [ route_check ] --END-- [ RunTime:0.000977s ]
INFO: [ app_begin ] --START--
INFO: ReadHtmlCache Behavior ::run [ RunTime:0.000976s ]
INFO: [ app_begin ] --END-- [ RunTime:0.000976s ]
SQL: SHOW COLUMNS FROM `fw_user` [ RunTime:0.031250s ]
SQL: SELECT * FROM `fw_user` WHERE ( `username` = 'yangrui' ) LIMIT 1   [ RunTime:0.025391s ]
SQL: UPDATE `fw_user` SET `logintime`=1419135435,`loginip`='127.0.0.1' WHERE ( `id` = 1 ) [ RunTime:0.505859s ]

[ 2014-12-21T12:17:16+08:00 ] 127.0.0.1 /favorite/
INFO: [ app_begin ] --START--
INFO: ReadHtmlCache Behavior ::run [ RunTime:0.000977s ]
INFO: [ app_begin ] --END-- [ RunTime:0.000977s ]
INFO: [ view_parse ] --START--
NOTIC: [2] Missing argument 2 for TagLib::parseXmlAttr(), called in D:\SourceCode\www\favorite\APP\Modules\Index\TagLib\TagLibFw.class.php on line 17 and defined D:\SourceCode\www\favorite\ThinkPHP\Lib\Template\TagLib.class.php 第 80 行.
NOTIC: [8] Undefined variable: tag D:\SourceCode\www\favorite\ThinkPHP\Lib\Template\TagLib.class.php 第 91 行.
NOTIC: [8] Undefined index:  D:\SourceCode\www\favorite\ThinkPHP\Lib\Template\TagLib.class.php 第 91 行.
NOTIC: [8] Undefined variable: tag D:\SourceCode\www\favorite\ThinkPHP\Lib\Template\TagLib.class.php 第 92 行.
NOTIC: [8] Undefined variable: name D:\SourceCode\www\favorite\APP\Runtime\Cache\Index\dff44c8e9ebea4949049842757e96f1a.php 第 50 行.
SQL: SHOW COLUMNS FROM `fw_cate` [ RunTime:0.005860s ]
SQL: SELECT * FROM `fw_cate` ORDER BY sort  [ RunTime:0.000976s ]
INFO: ParseTemplate Behavior ::run [ RunTime:0.037110s ]
INFO: [ view_parse ] --END-- [ RunTime:0.037110s ]
INFO: [ view_filter ] --START--
INFO: ContentReplace Behavior ::run [ RunTime:0.000976s ]
INFO: TokenBuild Behavior ::run [ RunTime:0.000000s ]
INFO: WriteHtmlCache Behavior ::run [ RunTime:0.000000s ]
INFO: ShowRuntime Behavior ::run [ RunTime:0.000977s ]
INFO: [ view_filter ] --END-- [ RunTime:0.001953s ]
INFO: [ view_end ] --START--
INFO: ShowPageTrace Behavior ::run [ RunTime:0.000977s ]
INFO: [ view_end ] --END-- [ RunTime:0.000977s ]

[ 2014-12-21T12:19:01+08:00 ] 127.0.0.1 /favorite/
INFO: [ app_begin ] --START--
INFO: ReadHtmlCache Behavior ::run [ RunTime:0.000000s ]
INFO: [ app_begin ] --END-- [ RunTime:0.000000s ]
INFO: [ view_parse ] --START--
NOTIC: [2] Missing argument 2 for TagLib::parseXmlAttr(), called in D:\SourceCode\www\favorite\APP\Modules\Index\TagLib\TagLibFw.class.php on line 17 and defined D:\SourceCode\www\favorite\ThinkPHP\Lib\Template\TagLib.class.php 第 80 行.
NOTIC: [8] Undefined variable: tag D:\SourceCode\www\favorite\ThinkPHP\Lib\Template\TagLib.class.php 第 91 行.
NOTIC: [8] Undefined index:  D:\SourceCode\www\favorite\ThinkPHP\Lib\Template\TagLib.class.php 第 91 行.
NOTIC: [8] Undefined variable: tag D:\SourceCode\www\favorite\ThinkPHP\Lib\Template\TagLib.class.php 第 92 行.
SQL: SHOW COLUMNS FROM `fw_cate` [ RunTime:0.010743s ]
SQL: SELECT * FROM `fw_cate` ORDER BY sort  [ RunTime:0.000000s ]
INFO: ParseTemplate Behavior ::run [ RunTime:0.037109s ]
INFO: [ view_parse ] --END-- [ RunTime:0.037109s ]
INFO: [ view_filter ] --START--
INFO: ContentReplace Behavior ::run [ RunTime:0.000000s ]
INFO: TokenBuild Behavior ::run [ RunTime:0.000000s ]
INFO: WriteHtmlCache Behavior ::run [ RunTime:0.000000s ]
INFO: ShowRuntime Behavior ::run [ RunTime:0.000000s ]
INFO: [ view_filter ] --END-- [ RunTime:0.000000s ]
INFO: [ view_end ] --START--
INFO: ShowPageTrace Behavior ::run [ RunTime:0.007813s ]
INFO: [ view_end ] --END-- [ RunTime:0.007813s ]

[ 2014-12-21T12:19:02+08:00 ] 127.0.0.1 /favorite/
INFO: [ app_begin ] --START--
INFO: ReadHtmlCache Behavior ::run [ RunTime:0.000000s ]
INFO: [ app_begin ] --END-- [ RunTime:0.000000s ]
INFO: [ view_parse ] --START--
NOTIC: [2] Missing argument 2 for TagLib::parseXmlAttr(), called in D:\SourceCode\www\favorite\APP\Modules\Index\TagLib\TagLibFw.class.php on line 17 and defined D:\SourceCode\www\favorite\ThinkPHP\Lib\Template\TagLib.class.php 第 80 行.
NOTIC: [8] Undefined variable: tag D:\SourceCode\www\favorite\ThinkPHP\Lib\Template\TagLib.class.php 第 91 行.
NOTIC: [8] Undefined index:  D:\SourceCode\www\favorite\ThinkPHP\Lib\Template\TagLib.class.php 第 91 行.
NOTIC: [8] Undefined variable: tag D:\SourceCode\www\favorite\ThinkPHP\Lib\Template\TagLib.class.php 第 92 行.
SQL: SHOW COLUMNS FROM `fw_cate` [ RunTime:0.005859s ]
SQL: SELECT * FROM `fw_cate` ORDER BY sort  [ RunTime:0.000000s ]
INFO: ParseTemplate Behavior ::run [ RunTime:0.047852s ]
INFO: [ view_parse ] --END-- [ RunTime:0.047852s ]
INFO: [ view_filter ] --START--
INFO: ContentReplace Behavior ::run [ RunTime:0.000000s ]
INFO: TokenBuild Behavior ::run [ RunTime:0.000000s ]
INFO: WriteHtmlCache Behavior ::run [ RunTime:0.000000s ]
INFO: ShowRuntime Behavior ::run [ RunTime:0.000000s ]
INFO: [ view_filter ] --END-- [ RunTime:0.000000s ]
INFO: [ view_end ] --START--
INFO: ShowPageTrace Behavior ::run [ RunTime:0.007813s ]
INFO: [ view_end ] --END-- [ RunTime:0.007813s ]

[ 2014-12-21T12:19:02+08:00 ] 127.0.0.1 /favorite/
INFO: [ app_begin ] --START--
INFO: ReadHtmlCache Behavior ::run [ RunTime:0.000000s ]
INFO: [ app_begin ] --END-- [ RunTime:0.000977s ]
INFO: [ view_parse ] --START--
NOTIC: [2] Missing argument 2 for TagLib::parseXmlAttr(), called in D:\SourceCode\www\favorite\APP\Modules\Index\TagLib\TagLibFw.class.php on line 17 and defined D:\SourceCode\www\favorite\ThinkPHP\Lib\Template\TagLib.class.php 第 80 行.
NOTIC: [8] Undefined variable: tag D:\SourceCode\www\favorite\ThinkPHP\Lib\Template\TagLib.class.php 第 91 行.
NOTIC: [8] Undefined index:  D:\SourceCode\www\favorite\ThinkPHP\Lib\Template\TagLib.class.php 第 91 行.
NOTIC: [8] Undefined variable: tag D:\SourceCode\www\favorite\ThinkPHP\Lib\Template\TagLib.class.php 第 92 行.
SQL: SHOW COLUMNS FROM `fw_cate` [ RunTime:0.011719s ]
SQL: SELECT * FROM `fw_cate` ORDER BY sort  [ RunTime:0.000000s ]
INFO: ParseTemplate Behavior ::run [ RunTime:0.037110s ]
INFO: [ view_parse ] --END-- [ RunTime:0.037110s ]
INFO: [ view_filter ] --START--
INFO: ContentReplace Behavior ::run [ RunTime:0.000976s ]
INFO: TokenBuild Behavior ::run [ RunTime:0.000976s ]
INFO: WriteHtmlCache Behavior ::run [ RunTime:0.000000s ]
INFO: ShowRuntime Behavior ::run [ RunTime:0.000977s ]
INFO: [ view_filter ] --END-- [ RunTime:0.003906s ]
INFO: [ view_end ] --START--
INFO: ShowPageTrace Behavior ::run [ RunTime:0.000976s ]
INFO: [ view_end ] --END-- [ RunTime:0.000976s ]

[ 2014-12-21T12:19:06+08:00 ] 127.0.0.1 /favorite/Index/Index/logout
INFO: [ route_check ] --START--
INFO: CheckRoute Behavior ::run [ RunTime:0.000000s ]
INFO: [ route_check ] --END-- [ RunTime:0.000977s ]
INFO: [ app_begin ] --START--
INFO: ReadHtmlCache Behavior ::run [ RunTime:0.000977s ]
INFO: [ app_begin ] --END-- [ RunTime:0.000977s ]

[ 2014-12-21T12:19:06+08:00 ] 127.0.0.1 /favorite/Index/Login/index
INFO: [ route_check ] --START--
INFO: CheckRoute Behavior ::run [ RunTime:0.000977s ]
INFO: [ route_check ] --END-- [ RunTime:0.000977s ]
INFO: [ app_begin ] --START--
INFO: ReadHtmlCache Behavior ::run [ RunTime:0.000000s ]
INFO: [ app_begin ] --END-- [ RunTime:0.000000s ]
INFO: [ view_parse ] --START--
NOTIC: [8] Undefined variable: name D:\SourceCode\www\favorite\APP\Runtime\Cache\Index\ee3125f6e6d33d82d0c6450cddc3244e.php 第 50 行.
INFO: ParseTemplate Behavior ::run [ RunTime:0.011719s ]
INFO: [ view_parse ] --END-- [ RunTime:0.011719s ]
INFO: [ view_filter ] --START--
INFO: ContentReplace Behavior ::run [ RunTime:0.000977s ]
INFO: TokenBuild Behavior ::run [ RunTime:0.000000s ]
INFO: WriteHtmlCache Behavior ::run [ RunTime:0.000000s ]
INFO: ShowRuntime Behavior ::run [ RunTime:0.000000s ]
INFO: [ view_filter ] --END-- [ RunTime:0.001953s ]
INFO: [ view_end ] --START--
INFO: ShowPageTrace Behavior ::run [ RunTime:0.000000s ]
INFO: [ view_end ] --END-- [ RunTime:0.000000s ]

[ 2014-12-21T12:19:06+08:00 ] 127.0.0.1 /favorite/Index/Reg/verify
INFO: [ route_check ] --START--
INFO: CheckRoute Behavior ::run [ RunTime:0.000000s ]
INFO: [ route_check ] --END-- [ RunTime:0.000000s ]
INFO: [ app_begin ] --START--
INFO: ReadHtmlCache Behavior ::run [ RunTime:0.000000s ]
INFO: [ app_begin ] --END-- [ RunTime:0.000976s ]

[ 2014-12-21T12:19:10+08:00 ] 127.0.0.1 /favorite/
INFO: [ app_begin ] --START--
INFO: ReadHtmlCache Behavior ::run [ RunTime:0.000976s ]
INFO: [ app_begin ] --END-- [ RunTime:0.000976s ]
INFO: [ view_parse ] --START--
NOTIC: [2] Missing argument 2 for TagLib::parseXmlAttr(), called in D:\SourceCode\www\favorite\APP\Modules\Index\TagLib\TagLibFw.class.php on line 17 and defined D:\SourceCode\www\favorite\ThinkPHP\Lib\Template\TagLib.class.php 第 80 行.
NOTIC: [8] Undefined variable: tag D:\SourceCode\www\favorite\ThinkPHP\Lib\Template\TagLib.class.php 第 91 行.
NOTIC: [8] Undefined index:  D:\SourceCode\www\favorite\ThinkPHP\Lib\Template\TagLib.class.php 第 91 行.
NOTIC: [8] Undefined variable: tag D:\SourceCode\www\favorite\ThinkPHP\Lib\Template\TagLib.class.php 第 92 行.
NOTIC: [8] Undefined variable: name D:\SourceCode\www\favorite\APP\Runtime\Cache\Index\dff44c8e9ebea4949049842757e96f1a.php 第 50 行.
SQL: SHOW COLUMNS FROM `fw_cate` [ RunTime:0.006835s ]
SQL: SELECT * FROM `fw_cate` ORDER BY sort  [ RunTime:0.000000s ]
INFO: ParseTemplate Behavior ::run [ RunTime:0.037109s ]
INFO: [ view_parse ] --END-- [ RunTime:0.037109s ]
INFO: [ view_filter ] --START--
INFO: ContentReplace Behavior ::run [ RunTime:0.000000s ]
INFO: TokenBuild Behavior ::run [ RunTime:0.000976s ]
INFO: WriteHtmlCache Behavior ::run [ RunTime:0.000000s ]
INFO: ShowRuntime Behavior ::run [ RunTime:0.000977s ]
INFO: [ view_filter ] --END-- [ RunTime:0.001953s ]
INFO: [ view_end ] --START--
INFO: ShowPageTrace Behavior ::run [ RunTime:0.000976s ]
INFO: [ view_end ] --END-- [ RunTime:0.000976s ]

[ 2014-12-21T12:19:11+08:00 ] 127.0.0.1 /favorite/Index/Login/index
INFO: [ route_check ] --START--
INFO: CheckRoute Behavior ::run [ RunTime:0.000977s ]
INFO: [ route_check ] --END-- [ RunTime:0.000977s ]
INFO: [ app_begin ] --START--
INFO: ReadHtmlCache Behavior ::run [ RunTime:0.000000s ]
INFO: [ app_begin ] --END-- [ RunTime:0.000000s ]
INFO: [ view_parse ] --START--
NOTIC: [8] Undefined variable: name D:\SourceCode\www\favorite\APP\Runtime\Cache\Index\ee3125f6e6d33d82d0c6450cddc3244e.php 第 50 行.
INFO: ParseTemplate Behavior ::run [ RunTime:0.010743s ]
INFO: [ view_parse ] --END-- [ RunTime:0.010743s ]
INFO: [ view_filter ] --START--
INFO: ContentReplace Behavior ::run [ RunTime:0.000976s ]
INFO: TokenBuild Behavior ::run [ RunTime:0.000000s ]
INFO: WriteHtmlCache Behavior ::run [ RunTime:0.000977s ]
INFO: ShowRuntime Behavior ::run [ RunTime:0.000000s ]
INFO: [ view_filter ] --END-- [ RunTime:0.001953s ]
INFO: [ view_end ] --START--
INFO: ShowPageTrace Behavior ::run [ RunTime:0.000976s ]
INFO: [ view_end ] --END-- [ RunTime:0.000976s ]

[ 2014-12-21T12:19:11+08:00 ] 127.0.0.1 /favorite/Index/Reg/verify
INFO: [ route_check ] --START--
INFO: CheckRoute Behavior ::run [ RunTime:0.000000s ]
INFO: [ route_check ] --END-- [ RunTime:0.000000s ]
INFO: [ app_begin ] --START--
INFO: ReadHtmlCache Behavior ::run [ RunTime:0.000000s ]
INFO: [ app_begin ] --END-- [ RunTime:0.000976s ]

[ 2014-12-21T12:19:21+08:00 ] 127.0.0.1 /favorite/Index/Login/login
INFO: [ route_check ] --START--
INFO: CheckRoute Behavior ::run [ RunTime:0.000976s ]
INFO: [ route_check ] --END-- [ RunTime:0.000976s ]
INFO: [ app_begin ] --START--
INFO: ReadHtmlCache Behavior ::run [ RunTime:0.000977s ]
INFO: [ app_begin ] --END-- [ RunTime:0.000977s ]
SQL: SHOW COLUMNS FROM `fw_user` [ RunTime:0.008789s ]
SQL: SELECT * FROM `fw_user` WHERE ( `username` = 'yangrui' ) LIMIT 1   [ RunTime:0.000977s ]
SQL: UPDATE `fw_user` SET `logintime`=1419135561,`loginip`='127.0.0.1' WHERE ( `id` = 1 ) [ RunTime:0.041992s ]

[ 2014-12-21T12:19:21+08:00 ] 127.0.0.1 /favorite/
INFO: [ app_begin ] --START--
INFO: ReadHtmlCache Behavior ::run [ RunTime:0.000000s ]
INFO: [ app_begin ] --END-- [ RunTime:0.000000s ]
INFO: [ view_parse ] --START--
NOTIC: [2] Missing argument 2 for TagLib::parseXmlAttr(), called in D:\SourceCode\www\favorite\APP\Modules\Index\TagLib\TagLibFw.class.php on line 17 and defined D:\SourceCode\www\favorite\ThinkPHP\Lib\Template\TagLib.class.php 第 80 行.
NOTIC: [8] Undefined variable: tag D:\SourceCode\www\favorite\ThinkPHP\Lib\Template\TagLib.class.php 第 91 行.
NOTIC: [8] Undefined index:  D:\SourceCode\www\favorite\ThinkPHP\Lib\Template\TagLib.class.php 第 91 行.
NOTIC: [8] Undefined variable: tag D:\SourceCode\www\favorite\ThinkPHP\Lib\Template\TagLib.class.php 第 92 行.
SQL: SHOW COLUMNS FROM `fw_cate` [ RunTime:0.004883s ]
SQL: SELECT * FROM `fw_cate` ORDER BY sort  [ RunTime:0.000000s ]
INFO: ParseTemplate Behavior ::run [ RunTime:0.038086s ]
INFO: [ view_parse ] --END-- [ RunTime:0.038086s ]
INFO: [ view_filter ] --START--
INFO: ContentReplace Behavior ::run [ RunTime:0.000000s ]
INFO: TokenBuild Behavior ::run [ RunTime:0.000977s ]
INFO: WriteHtmlCache Behavior ::run [ RunTime:0.000000s ]
INFO: ShowRuntime Behavior ::run [ RunTime:0.000000s ]
INFO: [ view_filter ] --END-- [ RunTime:0.000977s ]
INFO: [ view_end ] --START--
INFO: ShowPageTrace Behavior ::run [ RunTime:0.000000s ]
INFO: [ view_end ] --END-- [ RunTime:0.000000s ]

[ 2014-12-21T12:19:24+08:00 ] 127.0.0.1 /favorite/Index/About/index
INFO: [ route_check ] --START--
INFO: CheckRoute Behavior ::run [ RunTime:0.000000s ]
INFO: [ route_check ] --END-- [ RunTime:0.000976s ]
INFO: [ app_begin ] --START--
INFO: ReadHtmlCache Behavior ::run [ RunTime:0.000977s ]
INFO: [ app_begin ] --END-- [ RunTime:0.000977s ]
INFO: [ view_parse ] --START--
INFO: ParseTemplate Behavior ::run [ RunTime:0.025391s ]
INFO: [ view_parse ] --END-- [ RunTime:0.025391s ]
INFO: [ view_filter ] --START--
INFO: ContentReplace Behavior ::run [ RunTime:0.000976s ]
INFO: TokenBuild Behavior ::run [ RunTime:0.000977s ]
INFO: WriteHtmlCache Behavior ::run [ RunTime:0.000000s ]
INFO: ShowRuntime Behavior ::run [ RunTime:0.000976s ]
INFO: [ view_filter ] --END-- [ RunTime:0.002929s ]
INFO: [ view_end ] --START--
INFO: ShowPageTrace Behavior ::run [ RunTime:0.000977s ]
INFO: [ view_end ] --END-- [ RunTime:0.000977s ]

[ 2014-12-21T12:19:28+08:00 ] 127.0.0.1 /favorite/Index/Index/logout
INFO: [ route_check ] --START--
INFO: CheckRoute Behavior ::run [ RunTime:0.000977s ]
INFO: [ route_check ] --END-- [ RunTime:0.000977s ]
INFO: [ app_begin ] --START--
INFO: ReadHtmlCache Behavior ::run [ RunTime:0.000000s ]
INFO: [ app_begin ] --END-- [ RunTime:0.000000s ]

[ 2014-12-21T12:19:28+08:00 ] 127.0.0.1 /favorite/Index/Login/index
INFO: [ route_check ] --START--
INFO: CheckRoute Behavior ::run [ RunTime:0.000977s ]
INFO: [ route_check ] --END-- [ RunTime:0.000977s ]
INFO: [ app_begin ] --START--
INFO: ReadHtmlCache Behavior ::run [ RunTime:0.000976s ]
INFO: [ app_begin ] --END-- [ RunTime:0.000976s ]
INFO: [ view_parse ] --START--
NOTIC: [8] Undefined variable: name D:\SourceCode\www\favorite\APP\Runtime\Cache\Index\ee3125f6e6d33d82d0c6450cddc3244e.php 第 50 行.
INFO: ParseTemplate Behavior ::run [ RunTime:0.011719s ]
INFO: [ view_parse ] --END-- [ RunTime:0.011719s ]
INFO: [ view_filter ] --START--
INFO: ContentReplace Behavior ::run [ RunTime:0.000000s ]
INFO: TokenBuild Behavior ::run [ RunTime:0.000977s ]
INFO: WriteHtmlCache Behavior ::run [ RunTime:0.000000s ]
INFO: ShowRuntime Behavior ::run [ RunTime:0.000000s ]
INFO: [ view_filter ] --END-- [ RunTime:0.001953s ]
INFO: [ view_end ] --START--
INFO: ShowPageTrace Behavior ::run [ RunTime:0.000000s ]
INFO: [ view_end ] --END-- [ RunTime:0.000000s ]

[ 2014-12-21T12:19:28+08:00 ] 127.0.0.1 /favorite/Index/Reg/verify
INFO: [ route_check ] --START--
INFO: CheckRoute Behavior ::run [ RunTime:0.000977s ]
INFO: [ route_check ] --END-- [ RunTime:0.000977s ]
INFO: [ app_begin ] --START--
INFO: ReadHtmlCache Behavior ::run [ RunTime:0.000000s ]
INFO: [ app_begin ] --END-- [ RunTime:0.000000s ]

[ 2014-12-21T12:19:29+08:00 ] 127.0.0.1 /favorite/Index/About/index
INFO: [ route_check ] --START--
INFO: CheckRoute Behavior ::run [ RunTime:0.000977s ]
INFO: [ route_check ] --END-- [ RunTime:0.000977s ]
INFO: [ app_begin ] --START--
INFO: ReadHtmlCache Behavior ::run [ RunTime:0.000977s ]
INFO: [ app_begin ] --END-- [ RunTime:0.000977s ]

[ 2014-12-21T12:19:29+08:00 ] 127.0.0.1 /favorite/Index/Login/index
INFO: [ route_check ] --START--
INFO: CheckRoute Behavior ::run [ RunTime:0.000000s ]
INFO: [ route_check ] --END-- [ RunTime:0.000000s ]
INFO: [ app_begin ] --START--
INFO: ReadHtmlCache Behavior ::run [ RunTime:0.000976s ]
INFO: [ app_begin ] --END-- [ RunTime:0.000976s ]
INFO: [ view_parse ] --START--
NOTIC: [8] Undefined variable: name D:\SourceCode\www\favorite\APP\Runtime\Cache\Index\ee3125f6e6d33d82d0c6450cddc3244e.php 第 50 行.
INFO: ParseTemplate Behavior ::run [ RunTime:0.011719s ]
INFO: [ view_parse ] --END-- [ RunTime:0.011719s ]
INFO: [ view_filter ] --START--
INFO: ContentReplace Behavior ::run [ RunTime:0.000000s ]
INFO: TokenBuild Behavior ::run [ RunTime:0.000976s ]
INFO: WriteHtmlCache Behavior ::run [ RunTime:0.000000s ]
INFO: ShowRuntime Behavior ::run [ RunTime:0.000000s ]
INFO: [ view_filter ] --END-- [ RunTime:0.001953s ]
INFO: [ view_end ] --START--
INFO: ShowPageTrace Behavior ::run [ RunTime:0.000000s ]
INFO: [ view_end ] --END-- [ RunTime:0.000000s ]

[ 2014-12-21T12:19:29+08:00 ] 127.0.0.1 /favorite/Index/Reg/verify
INFO: [ route_check ] --START--
INFO: CheckRoute Behavior ::run [ RunTime:0.000977s ]
INFO: [ route_check ] --END-- [ RunTime:0.000977s ]
INFO: [ app_begin ] --START--
INFO: ReadHtmlCache Behavior ::run [ RunTime:0.000000s ]
INFO: [ app_begin ] --END-- [ RunTime:0.000000s ]

[ 2014-12-21T12:19:30+08:00 ] 127.0.0.1 /favorite/Index/About/index
INFO: [ route_check ] --START--
INFO: CheckRoute Behavior ::run [ RunTime:0.000000s ]
INFO: [ route_check ] --END-- [ RunTime:0.000976s ]
INFO: [ app_begin ] --START--
INFO: ReadHtmlCache Behavior ::run [ RunTime:0.000976s ]
INFO: [ app_begin ] --END-- [ RunTime:0.000976s ]

[ 2014-12-21T12:19:30+08:00 ] 127.0.0.1 /favorite/Index/Login/index
INFO: [ route_check ] --START--
INFO: CheckRoute Behavior ::run [ RunTime:0.000976s ]
INFO: [ route_check ] --END-- [ RunTime:0.000976s ]
INFO: [ app_begin ] --START--
INFO: ReadHtmlCache Behavior ::run [ RunTime:0.000976s ]
INFO: [ app_begin ] --END-- [ RunTime:0.000976s ]
INFO: [ view_parse ] --START--
NOTIC: [8] Undefined variable: name D:\SourceCode\www\favorite\APP\Runtime\Cache\Index\ee3125f6e6d33d82d0c6450cddc3244e.php 第 50 行.
INFO: ParseTemplate Behavior ::run [ RunTime:0.010742s ]
INFO: [ view_parse ] --END-- [ RunTime:0.010742s ]
INFO: [ view_filter ] --START--
INFO: ContentReplace Behavior ::run [ RunTime:0.000977s ]
INFO: TokenBuild Behavior ::run [ RunTime:0.000976s ]
INFO: WriteHtmlCache Behavior ::run [ RunTime:0.000000s ]
INFO: ShowRuntime Behavior ::run [ RunTime:0.000977s ]
INFO: [ view_filter ] --END-- [ RunTime:0.002930s ]
INFO: [ view_end ] --START--
INFO: ShowPageTrace Behavior ::run [ RunTime:0.002929s ]
INFO: [ view_end ] --END-- [ RunTime:0.002929s ]

[ 2014-12-21T12:19:30+08:00 ] 127.0.0.1 /favorite/Index/Reg/verify
INFO: [ route_check ] --START--
INFO: CheckRoute Behavior ::run [ RunTime:0.000000s ]
INFO: [ route_check ] --END-- [ RunTime:0.000000s ]
INFO: [ app_begin ] --START--
INFO: ReadHtmlCache Behavior ::run [ RunTime:0.000000s ]
INFO: [ app_begin ] --END-- [ RunTime:0.000976s ]

[ 2014-12-21T12:19:31+08:00 ] 127.0.0.1 /favorite/Index/About/index
INFO: [ route_check ] --START--
INFO: CheckRoute Behavior ::run [ RunTime:0.000977s ]
INFO: [ route_check ] --END-- [ RunTime:0.000977s ]
INFO: [ app_begin ] --START--
INFO: ReadHtmlCache Behavior ::run [ RunTime:0.000977s ]
INFO: [ app_begin ] --END-- [ RunTime:0.000977s ]

[ 2014-12-21T12:19:31+08:00 ] 127.0.0.1 /favorite/Index/Login/index
INFO: [ route_check ] --START--
INFO: CheckRoute Behavior ::run [ RunTime:0.000977s ]
INFO: [ route_check ] --END-- [ RunTime:0.000977s ]
INFO: [ app_begin ] --START--
INFO: ReadHtmlCache Behavior ::run [ RunTime:0.000976s ]
INFO: [ app_begin ] --END-- [ RunTime:0.000976s ]
INFO: [ view_parse ] --START--
NOTIC: [8] Undefined variable: name D:\SourceCode\www\favorite\APP\Runtime\Cache\Index\ee3125f6e6d33d82d0c6450cddc3244e.php 第 50 行.
INFO: ParseTemplate Behavior ::run [ RunTime:0.012695s ]
INFO: [ view_parse ] --END-- [ RunTime:0.012695s ]
INFO: [ view_filter ] --START--
INFO: ContentReplace Behavior ::run [ RunTime:0.000000s ]
INFO: TokenBuild Behavior ::run [ RunTime:0.000977s ]
INFO: WriteHtmlCache Behavior ::run [ RunTime:0.000000s ]
INFO: ShowRuntime Behavior ::run [ RunTime:0.000976s ]
INFO: [ view_filter ] --END-- [ RunTime:0.001953s ]
INFO: [ view_end ] --START--
INFO: ShowPageTrace Behavior ::run [ RunTime:0.000977s ]
INFO: [ view_end ] --END-- [ RunTime:0.000977s ]

[ 2014-12-21T12:19:31+08:00 ] 127.0.0.1 /favorite/Index/Reg/verify
INFO: [ route_check ] --START--
INFO: CheckRoute Behavior ::run [ RunTime:0.000977s ]
INFO: [ route_check ] --END-- [ RunTime:0.000977s ]
INFO: [ app_begin ] --START--
INFO: ReadHtmlCache Behavior ::run [ RunTime:0.000000s ]
INFO: [ app_begin ] --END-- [ RunTime:0.000000s ]

[ 2014-12-21T12:19:32+08:00 ] 127.0.0.1 /favorite/Index/About/index
INFO: [ route_check ] --START--
INFO: CheckRoute Behavior ::run [ RunTime:0.000976s ]
INFO: [ route_check ] --END-- [ RunTime:0.000976s ]
INFO: [ app_begin ] --START--
INFO: ReadHtmlCache Behavior ::run [ RunTime:0.000977s ]
INFO: [ app_begin ] --END-- [ RunTime:0.000977s ]

[ 2014-12-21T12:19:32+08:00 ] 127.0.0.1 /favorite/Index/Login/index
INFO: [ route_check ] --START--
INFO: CheckRoute Behavior ::run [ RunTime:0.000976s ]
INFO: [ route_check ] --END-- [ RunTime:0.000976s ]
INFO: [ app_begin ] --START--
INFO: ReadHtmlCache Behavior ::run [ RunTime:0.000977s ]
INFO: [ app_begin ] --END-- [ RunTime:0.000977s ]
INFO: [ view_parse ] --START--
NOTIC: [8] Undefined variable: name D:\SourceCode\www\favorite\APP\Runtime\Cache\Index\ee3125f6e6d33d82d0c6450cddc3244e.php 第 50 行.
INFO: ParseTemplate Behavior ::run [ RunTime:0.057617s ]
INFO: [ view_parse ] --END-- [ RunTime:0.057617s ]
INFO: [ view_filter ] --START--
INFO: ContentReplace Behavior ::run [ RunTime:0.000000s ]
INFO: TokenBuild Behavior ::run [ RunTime:0.000977s ]
INFO: WriteHtmlCache Behavior ::run [ RunTime:0.000000s ]
INFO: ShowRuntime Behavior ::run [ RunTime:0.000977s ]
INFO: [ view_filter ] --END-- [ RunTime:0.001954s ]
INFO: [ view_end ] --START--
INFO: ShowPageTrace Behavior ::run [ RunTime:0.000976s ]
INFO: [ view_end ] --END-- [ RunTime:0.000976s ]

[ 2014-12-21T12:19:32+08:00 ] 127.0.0.1 /favorite/Index/Reg/verify
INFO: [ route_check ] --START--
INFO: CheckRoute Behavior ::run [ RunTime:0.000976s ]
INFO: [ route_check ] --END-- [ RunTime:0.000976s ]
INFO: [ app_begin ] --START--
INFO: ReadHtmlCache Behavior ::run [ RunTime:0.000000s ]
INFO: [ app_begin ] --END-- [ RunTime:0.000000s ]

[ 2014-12-21T12:19:33+08:00 ] 127.0.0.1 /favorite/Index/Index/index
INFO: [ route_check ] --START--
INFO: CheckRoute Behavior ::run [ RunTime:0.000000s ]
INFO: [ route_check ] --END-- [ RunTime:0.000000s ]
INFO: [ app_begin ] --START--
INFO: ReadHtmlCache Behavior ::run [ RunTime:0.000977s ]
INFO: [ app_begin ] --END-- [ RunTime:0.000977s ]
INFO: [ view_parse ] --START--
NOTIC: [2] Missing argument 2 for TagLib::parseXmlAttr(), called in D:\SourceCode\www\favorite\APP\Modules\Index\TagLib\TagLibFw.class.php on line 17 and defined D:\SourceCode\www\favorite\ThinkPHP\Lib\Template\TagLib.class.php 第 80 行.
NOTIC: [8] Undefined variable: tag D:\SourceCode\www\favorite\ThinkPHP\Lib\Template\TagLib.class.php 第 91 行.
NOTIC: [8] Undefined index:  D:\SourceCode\www\favorite\ThinkPHP\Lib\Template\TagLib.class.php 第 91 行.
NOTIC: [8] Undefined variable: tag D:\SourceCode\www\favorite\ThinkPHP\Lib\Template\TagLib.class.php 第 92 行.
NOTIC: [8] Undefined variable: name D:\SourceCode\www\favorite\APP\Runtime\Cache\Index\dff44c8e9ebea4949049842757e96f1a.php 第 50 行.
SQL: SHOW COLUMNS FROM `fw_cate` [ RunTime:0.005859s ]
SQL: SELECT * FROM `fw_cate` ORDER BY sort  [ RunTime:0.000977s ]
INFO: ParseTemplate Behavior ::run [ RunTime:0.039063s ]
INFO: [ view_parse ] --END-- [ RunTime:0.039063s ]
INFO: [ view_filter ] --START--
INFO: ContentReplace Behavior ::run [ RunTime:0.000000s ]
INFO: TokenBuild Behavior ::run [ RunTime:0.000976s ]
INFO: WriteHtmlCache Behavior ::run [ RunTime:0.000977s ]
INFO: ShowRuntime Behavior ::run [ RunTime:0.000000s ]
INFO: [ view_filter ] --END-- [ RunTime:0.001953s ]
INFO: [ view_end ] --START--
INFO: ShowPageTrace Behavior ::run [ RunTime:0.000000s ]
INFO: [ view_end ] --END-- [ RunTime:0.000000s ]

[ 2014-12-21T12:19:37+08:00 ] 127.0.0.1 /favorite/Index/Index/search
INFO: [ route_check ] --START--
INFO: CheckRoute Behavior ::run [ RunTime:0.000977s ]
INFO: [ route_check ] --END-- [ RunTime:0.000977s ]
INFO: [ app_begin ] --START--
INFO: ReadHtmlCache Behavior ::run [ RunTime:0.000000s ]
INFO: [ app_begin ] --END-- [ RunTime:0.000000s ]
NOTIC: [8] Memcache::connect():  D:\SourceCode\www\favorite\ThinkPHP\Extend\Driver\Cache\CacheMemcache.class.php 第 46 行.
NOTIC: [2] Memcache::connect():  D:\SourceCode\www\favorite\ThinkPHP\Extend\Driver\Cache\CacheMemcache.class.php 第 46 行.
NOTIC: [2] Memcache::get(): No servers added to memcache connection D:\SourceCode\www\favorite\ThinkPHP\Extend\Driver\Cache\CacheMemcache.class.php 第 58 行.
SQL: SHOW COLUMNS FROM `fw_webinfo` [ RunTime:0.005860s ]
SQL: SELECT `title` FROM `fw_webinfo`  [ RunTime:0.000976s ]
NOTIC: [2] Memcache::set(): No servers added to memcache connection D:\SourceCode\www\favorite\ThinkPHP\Extend\Driver\Cache\CacheMemcache.class.php 第 75 行.

[ 2014-12-21T12:19:38+08:00 ] 127.0.0.1 /favorite/Index/Index/search
INFO: [ route_check ] --START--
INFO: CheckRoute Behavior ::run [ RunTime:0.000976s ]
INFO: [ route_check ] --END-- [ RunTime:0.000976s ]
INFO: [ app_begin ] --START--
INFO: ReadHtmlCache Behavior ::run [ RunTime:0.000000s ]
INFO: [ app_begin ] --END-- [ RunTime:0.000000s ]
NOTIC: [8] Memcache::connect():  D:\SourceCode\www\favorite\ThinkPHP\Extend\Driver\Cache\CacheMemcache.class.php 第 46 行.
NOTIC: [2] Memcache::connect():  D:\SourceCode\www\favorite\ThinkPHP\Extend\Driver\Cache\CacheMemcache.class.php 第 46 行.
NOTIC: [2] Memcache::get(): No servers added to memcache connection D:\SourceCode\www\favorite\ThinkPHP\Extend\Driver\Cache\CacheMemcache.class.php 第 58 行.
SQL: SHOW COLUMNS FROM `fw_webinfo` [ RunTime:0.005860s ]
SQL: SELECT `title` FROM `fw_webinfo`  [ RunTime:0.000000s ]
NOTIC: [2] Memcache::set(): No servers added to memcache connection D:\SourceCode\www\favorite\ThinkPHP\Extend\Driver\Cache\CacheMemcache.class.php 第 75 行.

[ 2014-12-21T12:19:39+08:00 ] 127.0.0.1 /favorite/Index/Index/search
INFO: [ route_check ] --START--
INFO: CheckRoute Behavior ::run [ RunTime:0.001953s ]
INFO: [ route_check ] --END-- [ RunTime:0.001953s ]
INFO: [ app_begin ] --START--
INFO: ReadHtmlCache Behavior ::run [ RunTime:0.000000s ]
INFO: [ app_begin ] --END-- [ RunTime:0.000000s ]
NOTIC: [8] Memcache::connect():  D:\SourceCode\www\favorite\ThinkPHP\Extend\Driver\Cache\CacheMemcache.class.php 第 46 行.
NOTIC: [2] Memcache::connect():  D:\SourceCode\www\favorite\ThinkPHP\Extend\Driver\Cache\CacheMemcache.class.php 第 46 行.
NOTIC: [2] Memcache::get(): No servers added to memcache connection D:\SourceCode\www\favorite\ThinkPHP\Extend\Driver\Cache\CacheMemcache.class.php 第 58 行.
SQL: SHOW COLUMNS FROM `fw_webinfo` [ RunTime:0.005859s ]
SQL: SELECT `title` FROM `fw_webinfo`  [ RunTime:0.000977s ]
NOTIC: [2] Memcache::set(): No servers added to memcache connection D:\SourceCode\www\favorite\ThinkPHP\Extend\Driver\Cache\CacheMemcache.class.php 第 75 行.

[ 2014-12-21T12:19:40+08:00 ] 127.0.0.1 /favorite/Index/Index/search
INFO: [ route_check ] --START--
INFO: CheckRoute Behavior ::run [ RunTime:0.000977s ]
INFO: [ route_check ] --END-- [ RunTime:0.000977s ]
INFO: [ app_begin ] --START--
INFO: ReadHtmlCache Behavior ::run [ RunTime:0.000976s ]
INFO: [ app_begin ] --END-- [ RunTime:0.000976s ]
NOTIC: [8] Memcache::connect():  D:\SourceCode\www\favorite\ThinkPHP\Extend\Driver\Cache\CacheMemcache.class.php 第 46 行.
NOTIC: [2] Memcache::connect():  D:\SourceCode\www\favorite\ThinkPHP\Extend\Driver\Cache\CacheMemcache.class.php 第 46 行.
NOTIC: [2] Memcache::get(): No servers added to memcache connection D:\SourceCode\www\favorite\ThinkPHP\Extend\Driver\Cache\CacheMemcache.class.php 第 58 行.
SQL: SHOW COLUMNS FROM `fw_webinfo` [ RunTime:0.005860s ]
SQL: SELECT `title` FROM `fw_webinfo`  [ RunTime:0.000000s ]
NOTIC: [2] Memcache::set(): No servers added to memcache connection D:\SourceCode\www\favorite\ThinkPHP\Extend\Driver\Cache\CacheMemcache.class.php 第 75 行.

[ 2014-12-21T12:19:41+08:00 ] 127.0.0.1 /favorite/Index/Index/search
INFO: [ route_check ] --START--
INFO: CheckRoute Behavior ::run [ RunTime:0.000977s ]
INFO: [ route_check ] --END-- [ RunTime:0.000977s ]
INFO: [ app_begin ] --START--
INFO: ReadHtmlCache Behavior ::run [ RunTime:0.000000s ]
INFO: [ app_begin ] --END-- [ RunTime:0.000000s ]
NOTIC: [8] Memcache::connect():  D:\SourceCode\www\favorite\ThinkPHP\Extend\Driver\Cache\CacheMemcache.class.php 第 46 行.
NOTIC: [2] Memcache::connect():  D:\SourceCode\www\favorite\ThinkPHP\Extend\Driver\Cache\CacheMemcache.class.php 第 46 行.
NOTIC: [2] Memcache::get(): No servers added to memcache connection D:\SourceCode\www\favorite\ThinkPHP\Extend\Driver\Cache\CacheMemcache.class.php 第 58 行.
SQL: SHOW COLUMNS FROM `fw_webinfo` [ RunTime:0.006836s ]
SQL: SELECT `title` FROM `fw_webinfo`  [ RunTime:0.000000s ]
NOTIC: [2] Memcache::set(): No servers added to memcache connection D:\SourceCode\www\favorite\ThinkPHP\Extend\Driver\Cache\CacheMemcache.class.php 第 75 行.

[ 2014-12-21T12:19:42+08:00 ] 127.0.0.1 /favorite/Index/Index/search
INFO: [ route_check ] --START--
INFO: CheckRoute Behavior ::run [ RunTime:0.000000s ]
INFO: [ route_check ] --END-- [ RunTime:0.000000s ]
INFO: [ app_begin ] --START--
INFO: ReadHtmlCache Behavior ::run [ RunTime:0.000977s ]
INFO: [ app_begin ] --END-- [ RunTime:0.000977s ]
NOTIC: [8] Memcache::connect():  D:\SourceCode\www\favorite\ThinkPHP\Extend\Driver\Cache\CacheMemcache.class.php 第 46 行.
NOTIC: [2] Memcache::connect():  D:\SourceCode\www\favorite\ThinkPHP\Extend\Driver\Cache\CacheMemcache.class.php 第 46 行.
NOTIC: [2] Memcache::get(): No servers added to memcache connection D:\SourceCode\www\favorite\ThinkPHP\Extend\Driver\Cache\CacheMemcache.class.php 第 58 行.
SQL: SHOW COLUMNS FROM `fw_webinfo` [ RunTime:0.005859s ]
SQL: SELECT `title` FROM `fw_webinfo`  [ RunTime:0.000000s ]
NOTIC: [2] Memcache::set(): No servers added to memcache connection D:\SourceCode\www\favorite\ThinkPHP\Extend\Driver\Cache\CacheMemcache.class.php 第 75 行.

[ 2014-12-21T12:19:43+08:00 ] 127.0.0.1 /favorite/Index/Index/search
INFO: [ route_check ] --START--
INFO: CheckRoute Behavior ::run [ RunTime:0.000977s ]
INFO: [ route_check ] --END-- [ RunTime:0.000977s ]
INFO: [ app_begin ] --START--
INFO: ReadHtmlCache Behavior ::run [ RunTime:0.000977s ]
INFO: [ app_begin ] --END-- [ RunTime:0.000977s ]
NOTIC: [8] Memcache::connect():  D:\SourceCode\www\favorite\ThinkPHP\Extend\Driver\Cache\CacheMemcache.class.php 第 46 行.
NOTIC: [2] Memcache::connect():  D:\SourceCode\www\favorite\ThinkPHP\Extend\Driver\Cache\CacheMemcache.class.php 第 46 行.
NOTIC: [2] Memcache::get(): No servers added to memcache connection D:\SourceCode\www\favorite\ThinkPHP\Extend\Driver\Cache\CacheMemcache.class.php 第 58 行.
SQL: SHOW COLUMNS FROM `fw_webinfo` [ RunTime:0.005859s ]
SQL: SELECT `title` FROM `fw_webinfo`  [ RunTime:0.000976s ]
NOTIC: [2] Memcache::set(): No servers added to memcache connection D:\SourceCode\www\favorite\ThinkPHP\Extend\Driver\Cache\CacheMemcache.class.php 第 75 行.

[ 2014-12-21T12:19:44+08:00 ] 127.0.0.1 /favorite/Index/Index/search
INFO: [ route_check ] --START--
INFO: CheckRoute Behavior ::run [ RunTime:0.000000s ]
INFO: [ route_check ] --END-- [ RunTime:0.000977s ]
INFO: [ app_begin ] --START--
INFO: ReadHtmlCache Behavior ::run [ RunTime:0.000976s ]
INFO: [ app_begin ] --END-- [ RunTime:0.000976s ]
NOTIC: [8] Memcache::connect():  D:\SourceCode\www\favorite\ThinkPHP\Extend\Driver\Cache\CacheMemcache.class.php 第 46 行.
NOTIC: [2] Memcache::connect():  D:\SourceCode\www\favorite\ThinkPHP\Extend\Driver\Cache\CacheMemcache.class.php 第 46 行.
NOTIC: [2] Memcache::get(): No servers added to memcache connection D:\SourceCode\www\favorite\ThinkPHP\Extend\Driver\Cache\CacheMemcache.class.php 第 58 行.
SQL: SHOW COLUMNS FROM `fw_webinfo` [ RunTime:0.006836s ]
SQL: SELECT `title` FROM `fw_webinfo`  [ RunTime:0.000000s ]
NOTIC: [2] Memcache::set(): No servers added to memcache connection D:\SourceCode\www\favorite\ThinkPHP\Extend\Driver\Cache\CacheMemcache.class.php 第 75 行.

[ 2014-12-21T12:19:44+08:00 ] 127.0.0.1 /favorite/Index/Show/keyword
INFO: [ route_check ] --START--
INFO: CheckRoute Behavior ::run [ RunTime:0.000977s ]
INFO: [ route_check ] --END-- [ RunTime:0.000977s ]
INFO: [ app_begin ] --START--
INFO: ReadHtmlCache Behavior ::run [ RunTime:0.000000s ]
INFO: [ app_begin ] --END-- [ RunTime:0.000000s ]

[ 2014-12-21T12:19:44+08:00 ] 127.0.0.1 /favorite/Index/Login/index
INFO: [ route_check ] --START--
INFO: CheckRoute Behavior ::run [ RunTime:0.000000s ]
INFO: [ route_check ] --END-- [ RunTime:0.000000s ]
INFO: [ app_begin ] --START--
INFO: ReadHtmlCache Behavior ::run [ RunTime:0.000976s ]
INFO: [ app_begin ] --END-- [ RunTime:0.000976s ]
INFO: [ view_parse ] --START--
NOTIC: [8] Undefined variable: name D:\SourceCode\www\favorite\APP\Runtime\Cache\Index\ee3125f6e6d33d82d0c6450cddc3244e.php 第 50 行.
INFO: ParseTemplate Behavior ::run [ RunTime:0.011718s ]
INFO: [ view_parse ] --END-- [ RunTime:0.011718s ]
INFO: [ view_filter ] --START--
INFO: ContentReplace Behavior ::run [ RunTime:0.000000s ]
INFO: TokenBuild Behavior ::run [ RunTime:0.000977s ]
INFO: WriteHtmlCache Behavior ::run [ RunTime:0.000000s ]
INFO: ShowRuntime Behavior ::run [ RunTime:0.000977s ]
INFO: [ view_filter ] --END-- [ RunTime:0.001954s ]
INFO: [ view_end ] --START--
INFO: ShowPageTrace Behavior ::run [ RunTime:0.000976s ]
INFO: [ view_end ] --END-- [ RunTime:0.000976s ]

[ 2014-12-21T12:19:44+08:00 ] 127.0.0.1 /favorite/Index/Reg/verify
INFO: [ route_check ] --START--
INFO: CheckRoute Behavior ::run [ RunTime:0.000976s ]
INFO: [ route_check ] --END-- [ RunTime:0.000976s ]
INFO: [ app_begin ] --START--
INFO: ReadHtmlCache Behavior ::run [ RunTime:0.000000s ]
INFO: [ app_begin ] --END-- [ RunTime:0.000000s ]

[ 2014-12-21T12:20:39+08:00 ] 127.0.0.1 /favorite/Index/Login/index
INFO: [ route_check ] --START--
INFO: CheckRoute Behavior ::run [ RunTime:0.000976s ]
INFO: [ route_check ] --END-- [ RunTime:0.000976s ]
INFO: [ app_begin ] --START--
INFO: ReadHtmlCache Behavior ::run [ RunTime:0.000977s ]
INFO: [ app_begin ] --END-- [ RunTime:0.000977s ]
INFO: [ view_parse ] --START--
NOTIC: [8] Undefined variable: name D:\SourceCode\www\favorite\APP\Runtime\Cache\Index\ee3125f6e6d33d82d0c6450cddc3244e.php 第 50 行.
INFO: ParseTemplate Behavior ::run [ RunTime:0.010742s ]
INFO: [ view_parse ] --END-- [ RunTime:0.010742s ]
INFO: [ view_filter ] --START--
INFO: ContentReplace Behavior ::run [ RunTime:0.000977s ]
INFO: TokenBuild Behavior ::run [ RunTime:0.000976s ]
INFO: WriteHtmlCache Behavior ::run [ RunTime:0.000000s ]
INFO: ShowRuntime Behavior ::run [ RunTime:0.000977s ]
INFO: [ view_filter ] --END-- [ RunTime:0.002930s ]
INFO: [ view_end ] --START--
INFO: ShowPageTrace Behavior ::run [ RunTime:0.000977s ]
INFO: [ view_end ] --END-- [ RunTime:0.000977s ]

[ 2014-12-21T12:20:39+08:00 ] 127.0.0.1 /favorite/Index/Reg/verify
INFO: [ route_check ] --START--
INFO: CheckRoute Behavior ::run [ RunTime:0.000977s ]
INFO: [ route_check ] --END-- [ RunTime:0.000977s ]
INFO: [ app_begin ] --START--
INFO: ReadHtmlCache Behavior ::run [ RunTime:0.000976s ]
INFO: [ app_begin ] --END-- [ RunTime:0.000976s ]

[ 2014-12-21T12:20:49+08:00 ] 127.0.0.1 /favorite/Index/Login/login
INFO: [ route_check ] --START--
INFO: CheckRoute Behavior ::run [ RunTime:0.000976s ]
INFO: [ route_check ] --END-- [ RunTime:0.000976s ]
INFO: [ app_begin ] --START--
INFO: ReadHtmlCache Behavior ::run [ RunTime:0.000000s ]
INFO: [ app_begin ] --END-- [ RunTime:0.000977s ]
SQL: SHOW COLUMNS FROM `fw_user` [ RunTime:0.007813s ]
SQL: SELECT * FROM `fw_user` WHERE ( `username` = 'yangrui' ) LIMIT 1   [ RunTime:0.000976s ]
SQL: UPDATE `fw_user` SET `logintime`=1419135649,`loginip`='127.0.0.1' WHERE ( `id` = 1 ) [ RunTime:0.046875s ]

[ 2014-12-21T12:20:49+08:00 ] 127.0.0.1 /favorite/
INFO: [ app_begin ] --START--
INFO: ReadHtmlCache Behavior ::run [ RunTime:0.000000s ]
INFO: [ app_begin ] --END-- [ RunTime:0.000000s ]
INFO: [ view_parse ] --START--
NOTIC: [2] Missing argument 2 for TagLib::parseXmlAttr(), called in D:\SourceCode\www\favorite\APP\Modules\Index\TagLib\TagLibFw.class.php on line 17 and defined D:\SourceCode\www\favorite\ThinkPHP\Lib\Template\TagLib.class.php 第 80 行.
NOTIC: [8] Undefined variable: tag D:\SourceCode\www\favorite\ThinkPHP\Lib\Template\TagLib.class.php 第 91 行.
NOTIC: [8] Undefined index:  D:\SourceCode\www\favorite\ThinkPHP\Lib\Template\TagLib.class.php 第 91 行.
NOTIC: [8] Undefined variable: tag D:\SourceCode\www\favorite\ThinkPHP\Lib\Template\TagLib.class.php 第 92 行.
SQL: SHOW COLUMNS FROM `fw_cate` [ RunTime:0.005859s ]
SQL: SELECT * FROM `fw_cate` ORDER BY sort  [ RunTime:0.000000s ]
INFO: ParseTemplate Behavior ::run [ RunTime:0.027344s ]
INFO: [ view_parse ] --END-- [ RunTime:0.027344s ]
INFO: [ view_filter ] --START--
INFO: ContentReplace Behavior ::run [ RunTime:0.000977s ]
INFO: TokenBuild Behavior ::run [ RunTime:0.000000s ]
INFO: WriteHtmlCache Behavior ::run [ RunTime:0.000976s ]
INFO: ShowRuntime Behavior ::run [ RunTime:0.000000s ]
INFO: [ view_filter ] --END-- [ RunTime:0.001953s ]
INFO: [ view_end ] --START--
INFO: ShowPageTrace Behavior ::run [ RunTime:0.000976s ]
INFO: [ view_end ] --END-- [ RunTime:0.000976s ]

[ 2014-12-21T12:20:53+08:00 ] 127.0.0.1 /favorite/Index/Index/search
INFO: [ route_check ] --START--
INFO: CheckRoute Behavior ::run [ RunTime:0.000977s ]
INFO: [ route_check ] --END-- [ RunTime:0.000977s ]
INFO: [ app_begin ] --START--
INFO: ReadHtmlCache Behavior ::run [ RunTime:0.000000s ]
INFO: [ app_begin ] --END-- [ RunTime:0.000000s ]
NOTIC: [8] Memcache::connect():  D:\SourceCode\www\favorite\ThinkPHP\Extend\Driver\Cache\CacheMemcache.class.php 第 46 行.
NOTIC: [2] Memcache::connect():  D:\SourceCode\www\favorite\ThinkPHP\Extend\Driver\Cache\CacheMemcache.class.php 第 46 行.
NOTIC: [2] Memcache::get(): No servers added to memcache connection D:\SourceCode\www\favorite\ThinkPHP\Extend\Driver\Cache\CacheMemcache.class.php 第 58 行.
SQL: SHOW COLUMNS FROM `fw_webinfo` [ RunTime:0.006836s ]
SQL: SELECT `title` FROM `fw_webinfo`  [ RunTime:0.000000s ]
NOTIC: [2] Memcache::set(): No servers added to memcache connection D:\SourceCode\www\favorite\ThinkPHP\Extend\Driver\Cache\CacheMemcache.class.php 第 75 行.

[ 2014-12-21T12:20:54+08:00 ] 127.0.0.1 /favorite/Index/Index/search
INFO: [ route_check ] --START--
INFO: CheckRoute Behavior ::run [ RunTime:0.000976s ]
INFO: [ route_check ] --END-- [ RunTime:0.000976s ]
INFO: [ app_begin ] --START--
INFO: ReadHtmlCache Behavior ::run [ RunTime:0.000000s ]
INFO: [ app_begin ] --END-- [ RunTime:0.000000s ]
NOTIC: [8] Memcache::connect():  D:\SourceCode\www\favorite\ThinkPHP\Extend\Driver\Cache\CacheMemcache.class.php 第 46 行.
NOTIC: [2] Memcache::connect():  D:\SourceCode\www\favorite\ThinkPHP\Extend\Driver\Cache\CacheMemcache.class.php 第 46 行.
NOTIC: [2] Memcache::get(): No servers added to memcache connection D:\SourceCode\www\favorite\ThinkPHP\Extend\Driver\Cache\CacheMemcache.class.php 第 58 行.
SQL: SHOW COLUMNS FROM `fw_webinfo` [ RunTime:0.005859s ]
SQL: SELECT `title` FROM `fw_webinfo`  [ RunTime:0.000000s ]
NOTIC: [2] Memcache::set(): No servers added to memcache connection D:\SourceCode\www\favorite\ThinkPHP\Extend\Driver\Cache\CacheMemcache.class.php 第 75 行.

[ 2014-12-21T12:20:55+08:00 ] 127.0.0.1 /favorite/Index/Index/search
INFO: [ route_check ] --START--
INFO: CheckRoute Behavior ::run [ RunTime:0.000976s ]
INFO: [ route_check ] --END-- [ RunTime:0.000976s ]
INFO: [ app_begin ] --START--
INFO: ReadHtmlCache Behavior ::run [ RunTime:0.000977s ]
INFO: [ app_begin ] --END-- [ RunTime:0.000977s ]
NOTIC: [8] Memcache::connect():  D:\SourceCode\www\favorite\ThinkPHP\Extend\Driver\Cache\CacheMemcache.class.php 第 46 行.
NOTIC: [2] Memcache::connect():  D:\SourceCode\www\favorite\ThinkPHP\Extend\Driver\Cache\CacheMemcache.class.php 第 46 行.
NOTIC: [2] Memcache::get(): No servers added to memcache connection D:\SourceCode\www\favorite\ThinkPHP\Extend\Driver\Cache\CacheMemcache.class.php 第 58 行.
SQL: SHOW COLUMNS FROM `fw_webinfo` [ RunTime:0.006836s ]
SQL: SELECT `title` FROM `fw_webinfo`  [ RunTime:0.000977s ]
NOTIC: [2] Memcache::set(): No servers added to memcache connection D:\SourceCode\www\favorite\ThinkPHP\Extend\Driver\Cache\CacheMemcache.class.php 第 75 行.

[ 2014-12-21T12:20:56+08:00 ] 127.0.0.1 /favorite/Index/Index/search
INFO: [ route_check ] --START--
INFO: CheckRoute Behavior ::run [ RunTime:0.000977s ]
INFO: [ route_check ] --END-- [ RunTime:0.000977s ]
INFO: [ app_begin ] --START--
INFO: ReadHtmlCache Behavior ::run [ RunTime:0.000000s ]
INFO: [ app_begin ] --END-- [ RunTime:0.000000s ]
NOTIC: [8] Memcache::connect():  D:\SourceCode\www\favorite\ThinkPHP\Extend\Driver\Cache\CacheMemcache.class.php 第 46 行.
NOTIC: [2] Memcache::connect():  D:\SourceCode\www\favorite\ThinkPHP\Extend\Driver\Cache\CacheMemcache.class.php 第 46 行.
NOTIC: [2] Memcache::get(): No servers added to memcache connection D:\SourceCode\www\favorite\ThinkPHP\Extend\Driver\Cache\CacheMemcache.class.php 第 58 行.
SQL: SHOW COLUMNS FROM `fw_webinfo` [ RunTime:0.005859s ]
SQL: SELECT `title` FROM `fw_webinfo`  [ RunTime:0.000000s ]
NOTIC: [2] Memcache::set(): No servers added to memcache connection D:\SourceCode\www\favorite\ThinkPHP\Extend\Driver\Cache\CacheMemcache.class.php 第 75 行.

[ 2014-12-21T12:20:57+08:00 ] 127.0.0.1 /favorite/Index/Index/search
INFO: [ route_check ] --START--
INFO: CheckRoute Behavior ::run [ RunTime:0.000976s ]
INFO: [ route_check ] --END-- [ RunTime:0.000976s ]
INFO: [ app_begin ] --START--
INFO: ReadHtmlCache Behavior ::run [ RunTime:0.000000s ]
INFO: [ app_begin ] --END-- [ RunTime:0.000000s ]
NOTIC: [8] Memcache::connect():  D:\SourceCode\www\favorite\ThinkPHP\Extend\Driver\Cache\CacheMemcache.class.php 第 46 行.
NOTIC: [2] Memcache::connect():  D:\SourceCode\www\favorite\ThinkPHP\Extend\Driver\Cache\CacheMemcache.class.php 第 46 行.
NOTIC: [2] Memcache::get(): No servers added to memcache connection D:\SourceCode\www\favorite\ThinkPHP\Extend\Driver\Cache\CacheMemcache.class.php 第 58 行.
SQL: SHOW COLUMNS FROM `fw_webinfo` [ RunTime:0.005860s ]
SQL: SELECT `title` FROM `fw_webinfo`  [ RunTime:0.000000s ]
NOTIC: [2] Memcache::set(): No servers added to memcache connection D:\SourceCode\www\favorite\ThinkPHP\Extend\Driver\Cache\CacheMemcache.class.php 第 75 行.

[ 2014-12-21T12:20:58+08:00 ] 127.0.0.1 /favorite/Index/Index/search
INFO: [ route_check ] --START--
INFO: CheckRoute Behavior ::run [ RunTime:0.000977s ]
INFO: [ route_check ] --END-- [ RunTime:0.000977s ]
INFO: [ app_begin ] --START--
INFO: ReadHtmlCache Behavior ::run [ RunTime:0.000000s ]
INFO: [ app_begin ] --END-- [ RunTime:0.000000s ]
NOTIC: [8] Memcache::connect():  D:\SourceCode\www\favorite\ThinkPHP\Extend\Driver\Cache\CacheMemcache.class.php 第 46 行.
NOTIC: [2] Memcache::connect():  D:\SourceCode\www\favorite\ThinkPHP\Extend\Driver\Cache\CacheMemcache.class.php 第 46 行.
NOTIC: [2] Memcache::get(): No servers added to memcache connection D:\SourceCode\www\favorite\ThinkPHP\Extend\Driver\Cache\CacheMemcache.class.php 第 58 行.
SQL: SHOW COLUMNS FROM `fw_webinfo` [ RunTime:0.005860s ]
SQL: SELECT `title` FROM `fw_webinfo`  [ RunTime:0.000000s ]
NOTIC: [2] Memcache::set(): No servers added to memcache connection D:\SourceCode\www\favorite\ThinkPHP\Extend\Driver\Cache\CacheMemcache.class.php 第 75 行.

[ 2014-12-21T12:21:00+08:00 ] 127.0.0.1 /favorite/Index/Index/search
INFO: [ route_check ] --START--
INFO: CheckRoute Behavior ::run [ RunTime:0.000977s ]
INFO: [ route_check ] --END-- [ RunTime:0.000977s ]
INFO: [ app_begin ] --START--
INFO: ReadHtmlCache Behavior ::run [ RunTime:0.000000s ]
INFO: [ app_begin ] --END-- [ RunTime:0.000000s ]
NOTIC: [8] Memcache::connect():  D:\SourceCode\www\favorite\ThinkPHP\Extend\Driver\Cache\CacheMemcache.class.php 第 46 行.
NOTIC: [2] Memcache::connect():  D:\SourceCode\www\favorite\ThinkPHP\Extend\Driver\Cache\CacheMemcache.class.php 第 46 行.
NOTIC: [2] Memcache::get(): No servers added to memcache connection D:\SourceCode\www\favorite\ThinkPHP\Extend\Driver\Cache\CacheMemcache.class.php 第 58 行.
SQL: SHOW COLUMNS FROM `fw_webinfo` [ RunTime:0.006836s ]
SQL: SELECT `title` FROM `fw_webinfo`  [ RunTime:0.000000s ]
NOTIC: [2] Memcache::set(): No servers added to memcache connection D:\SourceCode\www\favorite\ThinkPHP\Extend\Driver\Cache\CacheMemcache.class.php 第 75 行.

[ 2014-12-21T12:21:01+08:00 ] 127.0.0.1 /favorite/Index/Index/search
INFO: [ route_check ] --START--
INFO: CheckRoute Behavior ::run [ RunTime:0.000976s ]
INFO: [ route_check ] --END-- [ RunTime:0.000976s ]
INFO: [ app_begin ] --START--
INFO: ReadHtmlCache Behavior ::run [ RunTime:0.000000s ]
INFO: [ app_begin ] --END-- [ RunTime:0.000000s ]
NOTIC: [8] Memcache::connect():  D:\SourceCode\www\favorite\ThinkPHP\Extend\Driver\Cache\CacheMemcache.class.php 第 46 行.
NOTIC: [2] Memcache::connect():  D:\SourceCode\www\favorite\ThinkPHP\Extend\Driver\Cache\CacheMemcache.class.php 第 46 行.
NOTIC: [2] Memcache::get(): No servers added to memcache connection D:\SourceCode\www\favorite\ThinkPHP\Extend\Driver\Cache\CacheMemcache.class.php 第 58 行.
SQL: SHOW COLUMNS FROM `fw_webinfo` [ RunTime:0.007812s ]
SQL: SELECT `title` FROM `fw_webinfo`  [ RunTime:0.000000s ]
NOTIC: [2] Memcache::set(): No servers added to memcache connection D:\SourceCode\www\favorite\ThinkPHP\Extend\Driver\Cache\CacheMemcache.class.php 第 75 行.

[ 2014-12-21T12:21:02+08:00 ] 127.0.0.1 /favorite/Index/Index/search
INFO: [ route_check ] --START--
INFO: CheckRoute Behavior ::run [ RunTime:0.000000s ]
INFO: [ route_check ] --END-- [ RunTime:0.000000s ]
INFO: [ app_begin ] --START--
INFO: ReadHtmlCache Behavior ::run [ RunTime:0.000000s ]
INFO: [ app_begin ] --END-- [ RunTime:0.000000s ]
NOTIC: [8] Memcache::connect():  D:\SourceCode\www\favorite\ThinkPHP\Extend\Driver\Cache\CacheMemcache.class.php 第 46 行.
NOTIC: [2] Memcache::connect():  D:\SourceCode\www\favorite\ThinkPHP\Extend\Driver\Cache\CacheMemcache.class.php 第 46 行.
NOTIC: [2] Memcache::get(): No servers added to memcache connection D:\SourceCode\www\favorite\ThinkPHP\Extend\Driver\Cache\CacheMemcache.class.php 第 58 行.
SQL: SHOW COLUMNS FROM `fw_webinfo` [ RunTime:0.006836s ]
SQL: SELECT `title` FROM `fw_webinfo`  [ RunTime:0.000976s ]
NOTIC: [2] Memcache::set(): No servers added to memcache connection D:\SourceCode\www\favorite\ThinkPHP\Extend\Driver\Cache\CacheMemcache.class.php 第 75 行.

[ 2014-12-21T12:21:02+08:00 ] 127.0.0.1 /favorite/Index/Show/keyword
INFO: [ route_check ] --START--
INFO: CheckRoute Behavior ::run [ RunTime:0.000976s ]
INFO: [ route_check ] --END-- [ RunTime:0.000976s ]
INFO: [ app_begin ] --START--
INFO: ReadHtmlCache Behavior ::run [ RunTime:0.000976s ]
INFO: [ app_begin ] --END-- [ RunTime:0.001953s ]
SQL: SHOW COLUMNS FROM `fw_webinfo` [ RunTime:0.005859s ]
SQL: SELECT * FROM `fw_webinfo` WHERE ( `title` = 'PhaIcon' )  [ RunTime:0.000000s ]
SQL: select title, address, click from fw_webinfo where title in (select name from fw_cate where pid = (select pid from fw_cate s, fw_webinfo p where s.id = p.cid and p.cid =14)) [ RunTime:0.048828s ]
SQL: SELECT `address`,`title`,`click` FROM `fw_webinfo` ORDER BY click DESC LIMIT 5   [ RunTime:0.000977s ]
INFO: [ view_parse ] --START--
NOTIC: [8] Undefined variable: name D:\SourceCode\www\favorite\APP\Runtime\Cache\Index\f0e9a83520a3a779c3ff8fb48c174c3d.php 第 50 行.
INFO: ParseTemplate Behavior ::run [ RunTime:0.022461s ]
INFO: [ view_parse ] --END-- [ RunTime:0.022461s ]
INFO: [ view_filter ] --START--
INFO: ContentReplace Behavior ::run [ RunTime:0.000000s ]
INFO: TokenBuild Behavior ::run [ RunTime:0.000000s ]
INFO: WriteHtmlCache Behavior ::run [ RunTime:0.000000s ]
INFO: ShowRuntime Behavior ::run [ RunTime:0.000977s ]
INFO: [ view_filter ] --END-- [ RunTime:0.001953s ]
INFO: [ view_end ] --START--
INFO: ShowPageTrace Behavior ::run [ RunTime:0.000976s ]
INFO: [ view_end ] --END-- [ RunTime:0.000976s ]

[ 2014-12-21T12:21:03+08:00 ] 127.0.0.1 /favorite/Index/Index/search
INFO: [ route_check ] --START--
INFO: CheckRoute Behavior ::run [ RunTime:0.000977s ]
INFO: [ route_check ] --END-- [ RunTime:0.000977s ]
INFO: [ app_begin ] --START--
INFO: ReadHtmlCache Behavior ::run [ RunTime:0.000977s ]
INFO: [ app_begin ] --END-- [ RunTime:0.000977s ]
NOTIC: [8] Memcache::connect():  D:\SourceCode\www\favorite\ThinkPHP\Extend\Driver\Cache\CacheMemcache.class.php 第 46 行.
NOTIC: [2] Memcache::connect():  D:\SourceCode\www\favorite\ThinkPHP\Extend\Driver\Cache\CacheMemcache.class.php 第 46 行.
NOTIC: [2] Memcache::get(): No servers added to memcache connection D:\SourceCode\www\favorite\ThinkPHP\Extend\Driver\Cache\CacheMemcache.class.php 第 58 行.
SQL: SHOW COLUMNS FROM `fw_webinfo` [ RunTime:0.005859s ]
SQL: SELECT `title` FROM `fw_webinfo`  [ RunTime:0.000000s ]
NOTIC: [2] Memcache::set(): No servers added to memcache connection D:\SourceCode\www\favorite\ThinkPHP\Extend\Driver\Cache\CacheMemcache.class.php 第 75 行.

[ 2014-12-21T12:21:22+08:00 ] 127.0.0.1 /favorite/Index/Index/handle/id/4
INFO: [ route_check ] --START--
INFO: CheckRoute Behavior ::run [ RunTime:0.000977s ]
INFO: [ route_check ] --END-- [ RunTime:0.000977s ]
INFO: [ app_begin ] --START--
INFO: ReadHtmlCache Behavior ::run [ RunTime:0.000977s ]
INFO: [ app_begin ] --END-- [ RunTime:0.000977s ]
SQL: SHOW COLUMNS FROM `fw_cate` [ RunTime:0.005859s ]
SQL: SELECT * FROM `fw_cate` WHERE ( `pid` = 4 )  [ RunTime:0.000976s ]

[ 2014-12-21T12:21:23+08:00 ] 127.0.0.1 /favorite/Index/Show/index/id/7
INFO: [ route_check ] --START--
INFO: CheckRoute Behavior ::run [ RunTime:0.000977s ]
INFO: [ route_check ] --END-- [ RunTime:0.000977s ]
INFO: [ app_begin ] --START--
INFO: ReadHtmlCache Behavior ::run [ RunTime:0.000976s ]
INFO: [ app_begin ] --END-- [ RunTime:0.000976s ]
SQL: SHOW COLUMNS FROM `fw_webinfo` [ RunTime:0.009765s ]
SQL: UPDATE `fw_webinfo` SET `click`=click+1 WHERE ( `cid` = 7 ) [ RunTime:0.162110s ]
SQL: SELECT * FROM `fw_webinfo` WHERE ( `cid` = 7 )  [ RunTime:0.000000s ]
SQL: select title, address, click from fw_webinfo where title in (select name from fw_cate where pid = (select pid from fw_cate s, fw_webinfo p where s.id = p.cid and p.cid =7)) [ RunTime:0.000000s ]
SQL: SELECT `address`,`title`,`click` FROM `fw_webinfo` ORDER BY click DESC LIMIT 5   [ RunTime:0.000000s ]
INFO: [ view_parse ] --START--
NOTIC: [8] Undefined variable: name D:\SourceCode\www\favorite\APP\Runtime\Cache\Index\9cd4ea1ca2a8f5e45afb3594b29ee5e2.php 第 50 行.
INFO: ParseTemplate Behavior ::run [ RunTime:0.025391s ]
INFO: [ view_parse ] --END-- [ RunTime:0.025391s ]
INFO: [ view_filter ] --START--
INFO: ContentReplace Behavior ::run [ RunTime:0.000977s ]
INFO: TokenBuild Behavior ::run [ RunTime:0.000000s ]
INFO: WriteHtmlCache Behavior ::run [ RunTime:0.000976s ]
INFO: ShowRuntime Behavior ::run [ RunTime:0.000977s ]
INFO: [ view_filter ] --END-- [ RunTime:0.002930s ]
INFO: [ view_end ] --START--
INFO: ShowPageTrace Behavior ::run [ RunTime:0.000976s ]
INFO: [ view_end ] --END-- [ RunTime:0.000976s ]

[ 2014-12-21T12:21:47+08:00 ] 127.0.0.1 /favorite/Index/Show/index/id/7
INFO: [ route_check ] --START--
INFO: CheckRoute Behavior ::run [ RunTime:0.000976s ]
INFO: [ route_check ] --END-- [ RunTime:0.000976s ]
INFO: [ app_begin ] --START--
INFO: ReadHtmlCache Behavior ::run [ RunTime:0.000977s ]
INFO: [ app_begin ] --END-- [ RunTime:0.000977s ]
SQL: SHOW COLUMNS FROM `fw_webinfo` [ RunTime:0.009766s ]
SQL: UPDATE `fw_webinfo` SET `click`=click+1 WHERE ( `cid` = 7 ) [ RunTime:0.055664s ]
SQL: SELECT * FROM `fw_webinfo` WHERE ( `cid` = 7 )  [ RunTime:0.000977s ]
SQL: select title, address, click from fw_webinfo where title in (select name from fw_cate where pid = (select pid from fw_cate s, fw_webinfo p where s.id = p.cid and p.cid =7)) [ RunTime:0.000976s ]
SQL: SELECT `address`,`title`,`click` FROM `fw_webinfo` ORDER BY click DESC LIMIT 5   [ RunTime:0.000977s ]
INFO: [ view_parse ] --START--
INFO: ParseTemplate Behavior ::run [ RunTime:0.011718s ]
INFO: [ view_parse ] --END-- [ RunTime:0.012695s ]
INFO: [ view_filter ] --START--
INFO: ContentReplace Behavior ::run [ RunTime:0.000000s ]
INFO: TokenBuild Behavior ::run [ RunTime:0.000977s ]
INFO: WriteHtmlCache Behavior ::run [ RunTime:0.000000s ]
INFO: ShowRuntime Behavior ::run [ RunTime:0.000000s ]
INFO: [ view_filter ] --END-- [ RunTime:0.000977s ]
INFO: [ view_end ] --START--
INFO: ShowPageTrace Behavior ::run [ RunTime:0.000000s ]
INFO: [ view_end ] --END-- [ RunTime:0.000000s ]

[ 2014-12-21T12:21:48+08:00 ] 127.0.0.1 /favorite/Index/Show/index/id/7
INFO: [ route_check ] --START--
INFO: CheckRoute Behavior ::run [ RunTime:0.001953s ]
INFO: [ route_check ] --END-- [ RunTime:0.001953s ]
INFO: [ app_begin ] --START--
INFO: ReadHtmlCache Behavior ::run [ RunTime:0.000977s ]
INFO: [ app_begin ] --END-- [ RunTime:0.000977s ]
SQL: SHOW COLUMNS FROM `fw_webinfo` [ RunTime:0.008789s ]
SQL: UPDATE `fw_webinfo` SET `click`=click+1 WHERE ( `cid` = 7 ) [ RunTime:0.022461s ]
SQL: SELECT * FROM `fw_webinfo` WHERE ( `cid` = 7 )  [ RunTime:0.000000s ]
SQL: select title, address, click from fw_webinfo where title in (select name from fw_cate where pid = (select pid from fw_cate s, fw_webinfo p where s.id = p.cid and p.cid =7)) [ RunTime:0.000977s ]
SQL: SELECT `address`,`title`,`click` FROM `fw_webinfo` ORDER BY click DESC LIMIT 5   [ RunTime:0.000976s ]
INFO: [ view_parse ] --START--
INFO: ParseTemplate Behavior ::run [ RunTime:0.012696s ]
INFO: [ view_parse ] --END-- [ RunTime:0.013672s ]
INFO: [ view_filter ] --START--
INFO: ContentReplace Behavior ::run [ RunTime:0.000000s ]
INFO: TokenBuild Behavior ::run [ RunTime:0.000977s ]
INFO: WriteHtmlCache Behavior ::run [ RunTime:0.000000s ]
INFO: ShowRuntime Behavior ::run [ RunTime:0.001953s ]
INFO: [ view_filter ] --END-- [ RunTime:0.002930s ]
INFO: [ view_end ] --START--
INFO: ShowPageTrace Behavior ::run [ RunTime:0.000000s ]
INFO: [ view_end ] --END-- [ RunTime:0.000977s ]

[ 2014-12-21T12:21:48+08:00 ] 127.0.0.1 /favorite/Index/Show/index/id/7
INFO: [ route_check ] --START--
INFO: CheckRoute Behavior ::run [ RunTime:0.000000s ]
INFO: [ route_check ] --END-- [ RunTime:0.000976s ]
INFO: [ app_begin ] --START--
INFO: ReadHtmlCache Behavior ::run [ RunTime:0.000976s ]
INFO: [ app_begin ] --END-- [ RunTime:0.000976s ]
SQL: SHOW COLUMNS FROM `fw_webinfo` [ RunTime:0.005859s ]
SQL: UPDATE `fw_webinfo` SET `click`=click+1 WHERE ( `cid` = 7 ) [ RunTime:0.145508s ]
SQL: SELECT * FROM `fw_webinfo` WHERE ( `cid` = 7 )  [ RunTime:0.000000s ]
SQL: select title, address, click from fw_webinfo where title in (select name from fw_cate where pid = (select pid from fw_cate s, fw_webinfo p where s.id = p.cid and p.cid =7)) [ RunTime:0.000977s ]
SQL: SELECT `address`,`title`,`click` FROM `fw_webinfo` ORDER BY click DESC LIMIT 5   [ RunTime:0.000976s ]
INFO: [ view_parse ] --START--
INFO: ParseTemplate Behavior ::run [ RunTime:0.014649s ]
INFO: [ view_parse ] --END-- [ RunTime:0.014649s ]
INFO: [ view_filter ] --START--
INFO: ContentReplace Behavior ::run [ RunTime:0.000000s ]
INFO: TokenBuild Behavior ::run [ RunTime:0.000976s ]
INFO: WriteHtmlCache Behavior ::run [ RunTime:0.000000s ]
INFO: ShowRuntime Behavior ::run [ RunTime:0.000977s ]
INFO: [ view_filter ] --END-- [ RunTime:0.001953s ]
INFO: [ view_end ] --START--
INFO: ShowPageTrace Behavior ::run [ RunTime:0.000977s ]
INFO: [ view_end ] --END-- [ RunTime:0.000977s ]

[ 2014-12-21T12:21:52+08:00 ] 127.0.0.1 /favorite/Index/Index/index
INFO: [ route_check ] --START--
INFO: CheckRoute Behavior ::run [ RunTime:0.000976s ]
INFO: [ route_check ] --END-- [ RunTime:0.000976s ]
INFO: [ app_begin ] --START--
INFO: ReadHtmlCache Behavior ::run [ RunTime:0.000000s ]
INFO: [ app_begin ] --END-- [ RunTime:0.000000s ]
INFO: [ view_parse ] --START--
NOTIC: [2] Missing argument 2 for TagLib::parseXmlAttr(), called in D:\SourceCode\www\favorite\APP\Modules\Index\TagLib\TagLibFw.class.php on line 17 and defined D:\SourceCode\www\favorite\ThinkPHP\Lib\Template\TagLib.class.php 第 80 行.
NOTIC: [8] Undefined variable: tag D:\SourceCode\www\favorite\ThinkPHP\Lib\Template\TagLib.class.php 第 91 行.
NOTIC: [8] Undefined index:  D:\SourceCode\www\favorite\ThinkPHP\Lib\Template\TagLib.class.php 第 91 行.
NOTIC: [8] Undefined variable: tag D:\SourceCode\www\favorite\ThinkPHP\Lib\Template\TagLib.class.php 第 92 行.
SQL: SHOW COLUMNS FROM `fw_cate` [ RunTime:0.005860s ]
SQL: SELECT * FROM `fw_cate` ORDER BY sort  [ RunTime:0.000000s ]
INFO: ParseTemplate Behavior ::run [ RunTime:0.038086s ]
INFO: [ view_parse ] --END-- [ RunTime:0.038086s ]
INFO: [ view_filter ] --START--
INFO: ContentReplace Behavior ::run [ RunTime:0.001953s ]
INFO: TokenBuild Behavior ::run [ RunTime:0.000000s ]
INFO: WriteHtmlCache Behavior ::run [ RunTime:0.000000s ]
INFO: ShowRuntime Behavior ::run [ RunTime:0.000000s ]
INFO: [ view_filter ] --END-- [ RunTime:0.002929s ]
INFO: [ view_end ] --START--
INFO: ShowPageTrace Behavior ::run [ RunTime:0.000977s ]
INFO: [ view_end ] --END-- [ RunTime:0.000977s ]

[ 2014-12-21T12:21:54+08:00 ] 127.0.0.1 /favorite/Index/Index/handle/id/4
INFO: [ route_check ] --START--
INFO: CheckRoute Behavior ::run [ RunTime:0.000977s ]
INFO: [ route_check ] --END-- [ RunTime:0.000977s ]
INFO: [ app_begin ] --START--
INFO: ReadHtmlCache Behavior ::run [ RunTime:0.000976s ]
INFO: [ app_begin ] --END-- [ RunTime:0.000976s ]
SQL: SHOW COLUMNS FROM `fw_cate` [ RunTime:0.005859s ]
SQL: SELECT * FROM `fw_cate` WHERE ( `pid` = 4 )  [ RunTime:0.000977s ]

[ 2014-12-21T12:21:55+08:00 ] 127.0.0.1 /favorite/Index/Show/index/id/14
INFO: [ route_check ] --START--
INFO: CheckRoute Behavior ::run [ RunTime:0.000976s ]
INFO: [ route_check ] --END-- [ RunTime:0.000976s ]
INFO: [ app_begin ] --START--
INFO: ReadHtmlCache Behavior ::run [ RunTime:0.000000s ]
INFO: [ app_begin ] --END-- [ RunTime:0.000000s ]
SQL: SHOW COLUMNS FROM `fw_webinfo` [ RunTime:0.008789s ]
SQL: UPDATE `fw_webinfo` SET `click`=click+1 WHERE ( `cid` = 14 ) [ RunTime:0.057617s ]
SQL: SELECT * FROM `fw_webinfo` WHERE ( `cid` = 14 )  [ RunTime:0.000977s ]
SQL: select title, address, click from fw_webinfo where title in (select name from fw_cate where pid = (select pid from fw_cate s, fw_webinfo p where s.id = p.cid and p.cid =14)) [ RunTime:0.000976s ]
SQL: SELECT `address`,`title`,`click` FROM `fw_webinfo` ORDER BY click DESC LIMIT 5   [ RunTime:0.000977s ]
INFO: [ view_parse ] --START--
INFO: ParseTemplate Behavior ::run [ RunTime:0.011719s ]
INFO: [ view_parse ] --END-- [ RunTime:0.011719s ]
INFO: [ view_filter ] --START--
INFO: ContentReplace Behavior ::run [ RunTime:0.000976s ]
INFO: TokenBuild Behavior ::run [ RunTime:0.000000s ]
INFO: WriteHtmlCache Behavior ::run [ RunTime:0.000977s ]
INFO: ShowRuntime Behavior ::run [ RunTime:0.000000s ]
INFO: [ view_filter ] --END-- [ RunTime:0.001953s ]
INFO: [ view_end ] --START--
INFO: ShowPageTrace Behavior ::run [ RunTime:0.000976s ]
INFO: [ view_end ] --END-- [ RunTime:0.000976s ]

[ 2014-12-21T12:22:00+08:00 ] 127.0.0.1 /favorite/Index/About/index
INFO: [ route_check ] --START--
INFO: CheckRoute Behavior ::run [ RunTime:0.000977s ]
INFO: [ route_check ] --END-- [ RunTime:0.000977s ]
INFO: [ app_begin ] --START--
INFO: ReadHtmlCache Behavior ::run [ RunTime:0.000977s ]
INFO: [ app_begin ] --END-- [ RunTime:0.000977s ]
INFO: [ view_parse ] --START--
INFO: ParseTemplate Behavior ::run [ RunTime:0.034179s ]
INFO: [ view_parse ] --END-- [ RunTime:0.034179s ]
INFO: [ view_filter ] --START--
INFO: ContentReplace Behavior ::run [ RunTime:0.000977s ]
INFO: TokenBuild Behavior ::run [ RunTime:0.000000s ]
INFO: WriteHtmlCache Behavior ::run [ RunTime:0.000000s ]
INFO: ShowRuntime Behavior ::run [ RunTime:0.000976s ]
INFO: [ view_filter ] --END-- [ RunTime:0.001953s ]
INFO: [ view_end ] --START--
INFO: ShowPageTrace Behavior ::run [ RunTime:0.000000s ]
INFO: [ view_end ] --END-- [ RunTime:0.000000s ]

